{
  "RSpec": {
    "coverage": {
      "/Volumes/Data/CiudadanoInteligente/abre/lib/age.rb": [
        1,
        1,
        154,
        null,
        149,
        null,
        null
      ],
      "/Volumes/Data/CiudadanoInteligente/abre/app/models/user.rb": [
        1,
        null,
        1,
        null,
        1,
        null,
        null,
        1,
        1,
        1,
        null,
        1,
        1,
        1,
        1,
        1,
        1,
        1,
        1,
        1,
        6,
        6,
        3,
        4,
        1,
        1,
        1,
        1,
        1,
        1,
        null,
        1,
        1,
        1,
        null,
        1,
        null,
        1,
        1,
        null,
        1,
        null,
        null,
        1,
        null,
        1,
        null,
        1,
        1,
        null,
        1,
        1,
        3,
        11,
        16,
        38,
        1,
        106,
        21,
        null,
        1,
        null,
        null,
        1,
        0,
        0,
        0,
        null,
        null,
        null,
        null,
        null,
        null,
        null,
        0,
        0,
        null,
        null,
        1,
        1736,
        null,
        null,
        1,
        2,
        4,
        null,
        null,
        1,
        185,
        195,
        null,
        null,
        1,
        26,
        32,
        null,
        null,
        1,
        1,
        1,
        null,
        null,
        1,
        56,
        60,
        null,
        null,
        1,
        0,
        null,
        null,
        1,
        6696,
        null,
        null,
        1,
        1472,
        null,
        null,
        1,
        1289,
        null,
        null,
        1,
        599,
        null,
        null,
        1,
        619,
        null,
        null,
        1,
        13282,
        null,
        null,
        1,
        405,
        null,
        null,
        1,
        103,
        null,
        null,
        1,
        4,
        4,
        null,
        null,
        1,
        2,
        null,
        null,
        1,
        6,
        6,
        null,
        null,
        1,
        616,
        591,
        null,
        null,
        1,
        13,
        13,
        13,
        null,
        13,
        null,
        13,
        13,
        13,
        null,
        null,
        1,
        21,
        null,
        null,
        null,
        null,
        null,
        null,
        null,
        null,
        null,
        null,
        null,
        null,
        null,
        21,
        null,
        null,
        1,
        15565,
        null,
        null,
        1,
        17,
        17,
        3,
        3,
        null,
        null,
        null,
        1,
        8,
        8,
        8,
        8,
        8,
        null,
        null,
        1,
        144,
        null,
        null,
        1,
        11,
        null,
        null,
        1,
        5056,
        null,
        null,
        1,
        64,
        null,
        null,
        1,
        7,
        null,
        null,
        1,
        9908,
        9904,
        null,
        null,
        1,
        9908,
        null,
        null,
        1,
        4954,
        null,
        null,
        1,
        11370,
        null,
        null,
        1,
        11386,
        null,
        null,
        1,
        0,
        0,
        0,
        null,
        0,
        null,
        null,
        1,
        134,
        null,
        null,
        1,
        67,
        null,
        null,
        1,
        0,
        0,
        0,
        null,
        null,
        0,
        0,
        null,
        0,
        null,
        null,
        1,
        79,
        null,
        1,
        null,
        1,
        null,
        1,
        4954,
        null,
        null,
        1,
        4954,
        null,
        null,
        4954,
        null,
        null,
        null
      ],
      "/Volumes/Data/CiudadanoInteligente/abre/app/models/concerns/verification.rb": [
        1,
        1,
        null,
        1,
        1,
        12,
        14,
        18,
        18,
        11,
        null,
        null,
        1,
        42,
        null,
        null,
        1,
        48,
        null,
        null,
        1,
        50,
        null,
        null,
        1,
        2330,
        null,
        null,
        1,
        533,
        null,
        null,
        1,
        2178,
        null,
        null,
        1,
        2141,
        null,
        null,
        1,
        1686,
        null,
        null,
        1,
        57,
        null,
        null,
        1,
        8,
        null,
        null,
        1,
        2,
        null,
        null,
        1,
        null,
        null,
        34,
        null,
        67,
        null,
        329,
        430,
        null,
        null,
        1,
        1,
        null,
        null
      ],
      "/Volumes/Data/CiudadanoInteligente/abre/lib/acts_as_paranoid_aliases.rb": [
        1,
        null,
        1,
        7,
        null,
        7,
        50,
        50,
        50,
        null,
        null,
        7,
        993,
        null,
        null,
        7,
        null,
        null,
        7,
        37,
        null,
        null,
        7,
        3,
        null,
        null,
        7,
        15,
        15,
        15,
        15,
        null,
        null,
        7,
        null,
        null,
        null,
        1,
        1,
        15,
        null,
        null,
        1,
        27,
        null,
        null,
        1,
        1736,
        null,
        null,
        1,
        49,
        null,
        null,
        1,
        40,
        10,
        null,
        null,
        1,
        1,
        1,
        null,
        null,
        null
      ],
      "/Volumes/Data/CiudadanoInteligente/abre/app/controllers/application_controller.rb": [
        1,
        null,
        1,
        1,
        1,
        null,
        1,
        null,
        1,
        1,
        1,
        1,
        null,
        1,
        1,
        null,
        1,
        null,
        1,
        20,
        40,
        20,
        null,
        null,
        null,
        1,
        1,
        null,
        1,
        null,
        1,
        0,
        0,
        null,
        null,
        null,
        1,
        2076,
        null,
        null,
        1,
        144,
        5,
        null,
        null,
        null,
        1,
        2076,
        2,
        null,
        null,
        2076,
        null,
        2076,
        null,
        2076,
        0,
        null,
        null,
        2076,
        null,
        null,
        1,
        752,
        56,
        null,
        696,
        null,
        null,
        null,
        1,
        0,
        null,
        null,
        1,
        296,
        null,
        null,
        1,
        23,
        null,
        null,
        1,
        97,
        null,
        null,
        1,
        2076,
        0,
        null,
        null,
        null,
        1,
        109,
        4,
        null,
        null,
        null,
        1,
        192,
        4,
        null,
        null,
        null,
        1,
        2076,
        10,
        10,
        null,
        null,
        null,
        1,
        2076,
        1803,
        null,
        null,
        null
      ],
      "/Volumes/Data/CiudadanoInteligente/abre/lib/application_responder.rb": [
        1,
        1,
        1,
        null
      ],
      "/Volumes/Data/CiudadanoInteligente/abre/app/helpers/application_helper.rb": [
        1,
        null,
        1,
        0,
        null,
        null,
        0,
        null,
        null,
        1,
        0,
        null,
        null,
        null,
        null,
        1,
        7330,
        null,
        null,
        1,
        null,
        0,
        null,
        null,
        null,
        null,
        0,
        0,
        null,
        null,
        null,
        null,
        null,
        null,
        null,
        0,
        null,
        null,
        1,
        86,
        46,
        null,
        null,
        1,
        25,
        25,
        25,
        null,
        null,
        null
      ],
      "/Volumes/Data/CiudadanoInteligente/abre/app/helpers/accessibility_helper.rb": [
        1,
        null,
        1,
        57,
        null,
        null,
        null
      ],
      "/Volumes/Data/CiudadanoInteligente/abre/app/helpers/admin_helper.rb": [
        1,
        null,
        1,
        1098,
        null,
        null,
        1,
        1098,
        null,
        null,
        1,
        549,
        null,
        null,
        1,
        772,
        null,
        null,
        1,
        1544,
        null,
        null,
        1,
        194,
        null,
        null,
        1,
        772,
        null,
        null,
        1,
        772,
        null,
        null,
        1,
        772,
        null,
        null,
        1,
        3,
        3,
        15,
        null,
        3,
        null,
        null,
        1,
        109,
        null,
        null,
        1,
        7,
        null,
        null,
        1,
        null,
        1,
        2844,
        null,
        null,
        null
      ],
      "/Volumes/Data/CiudadanoInteligente/abre/app/helpers/ballots_helper.rb": [
        1,
        null,
        1,
        2,
        null,
        null,
        null
      ],
      "/Volumes/Data/CiudadanoInteligente/abre/app/helpers/banners_helper.rb": [
        1,
        null,
        1,
        213,
        null,
        null,
        null
      ],
      "/Volumes/Data/CiudadanoInteligente/abre/app/helpers/budget_headings_helper.rb": [
        1,
        null,
        1,
        1,
        1,
        null,
        null,
        null,
        null
      ],
      "/Volumes/Data/CiudadanoInteligente/abre/app/helpers/budgets_helper.rb": [
        1,
        null,
        1,
        0,
        null,
        null,
        1,
        0,
        null,
        null,
        1,
        0,
        null,
        0,
        null,
        0,
        null,
        null,
        null,
        1,
        0,
        null,
        0,
        null,
        0,
        null,
        null,
        null,
        1,
        0,
        null,
        null,
        1,
        0,
        0,
        null,
        null,
        1,
        0,
        null,
        null,
        1,
        0,
        null,
        null
      ],
      "/Volumes/Data/CiudadanoInteligente/abre/app/helpers/cache_keys_helper.rb": [
        1,
        null,
        1,
        595,
        595,
        null,
        null,
        1,
        236,
        null,
        236,
        86,
        86,
        86,
        86,
        86,
        86,
        null,
        150,
        null,
        null,
        236,
        null,
        null,
        null,
        1,
        255,
        null,
        null,
        null
      ],
      "/Volumes/Data/CiudadanoInteligente/abre/app/helpers/comments_helper.rb": [
        1,
        null,
        1,
        24,
        null,
        null,
        1,
        75,
        null,
        null,
        1,
        77,
        null,
        null,
        1,
        88,
        66,
        null,
        22,
        null,
        null,
        null,
        1,
        5,
        1,
        4,
        0,
        null,
        4,
        null,
        null,
        null,
        1,
        92,
        3,
        89,
        3,
        86,
        2,
        null,
        84,
        null,
        null,
        null,
        1,
        90,
        3,
        null,
        87,
        null,
        null,
        null,
        null
      ],
      "/Volumes/Data/CiudadanoInteligente/abre/app/helpers/debates_helper.rb": [
        1,
        null,
        1,
        0,
        null,
        null,
        null
      ],
      "/Volumes/Data/CiudadanoInteligente/abre/app/helpers/embed_videos_helper.rb": [
        1,
        null,
        1,
        81,
        81,
        81,
        1,
        80,
        1,
        null,
        null,
        81,
        1,
        1,
        80,
        1,
        1,
        null,
        null,
        81,
        2,
        null,
        null,
        81,
        2,
        null,
        79,
        null,
        null,
        null,
        null
      ],
      "/Volumes/Data/CiudadanoInteligente/abre/app/helpers/flags_helper.rb": [
        1,
        null,
        1,
        110,
        null,
        null,
        1,
        110,
        null,
        null,
        1,
        null,
        1,
        106,
        28,
        null,
        78,
        null,
        null,
        null,
        1,
        144,
        52,
        null,
        92,
        null,
        null,
        null,
        null
      ],
      "/Volumes/Data/CiudadanoInteligente/abre/app/helpers/geozones_helper.rb": [
        1,
        null,
        1,
        365,
        null,
        null,
        1,
        121,
        null,
        null,
        1,
        5,
        3,
        null,
        null,
        null
      ],
      "/Volumes/Data/CiudadanoInteligente/abre/app/helpers/layouts_helper.rb": [
        1,
        null,
        1,
        2774,
        null,
        710,
        null,
        2064,
        null,
        null,
        null,
        null
      ],
      "/Volumes/Data/CiudadanoInteligente/abre/app/helpers/locales_helper.rb": [
        1,
        null,
        1,
        5444,
        5444,
        null,
        null,
        null
      ],
      "/Volumes/Data/CiudadanoInteligente/abre/app/helpers/mailer_helper.rb": [
        1,
        null,
        1,
        2,
        2,
        0,
        null,
        null,
        null
      ],
      "/Volumes/Data/CiudadanoInteligente/abre/app/helpers/notifications_helper.rb": [
        1,
        null
      ],
      "/Volumes/Data/CiudadanoInteligente/abre/app/helpers/officers_helper.rb": [
        1,
        null,
        1,
        0,
        null,
        null,
        null
      ],
      "/Volumes/Data/CiudadanoInteligente/abre/app/helpers/officing_helper.rb": [
        1,
        null,
        1,
        4,
        4,
        4,
        null,
        4,
        null,
        null,
        1,
        11,
        11,
        11,
        null,
        11,
        11,
        null,
        null,
        1,
        0,
        0,
        null,
        null,
        1,
        38,
        null,
        null,
        1,
        16,
        16,
        0,
        0,
        null,
        null,
        null
      ],
      "/Volumes/Data/CiudadanoInteligente/abre/app/helpers/poll_final_recounts_helper.rb": [
        1,
        null,
        1,
        140,
        null,
        null,
        null
      ],
      "/Volumes/Data/CiudadanoInteligente/abre/app/helpers/poll_recounts_helper.rb": [
        1,
        null,
        1,
        272,
        null,
        null,
        1,
        3,
        null,
        null,
        1,
        3,
        null,
        null,
        null
      ],
      "/Volumes/Data/CiudadanoInteligente/abre/app/helpers/polls_helper.rb": [
        1,
        null,
        1,
        6,
        9,
        null,
        6,
        6,
        null,
        null,
        1,
        6,
        null,
        null,
        1,
        27,
        0,
        null,
        27,
        null,
        null,
        null,
        1,
        16,
        16,
        651,
        null,
        16,
        null,
        null,
        1,
        5,
        5,
        null,
        null,
        1,
        5,
        5,
        5,
        null,
        5,
        null,
        null,
        1,
        13,
        13,
        null,
        null,
        null
      ],
      "/Volumes/Data/CiudadanoInteligente/abre/app/helpers/proposals_helper.rb": [
        1,
        null,
        1,
        235,
        209,
        25,
        1,
        null,
        null,
        null,
        1,
        236,
        236,
        209,
        16,
        10,
        1,
        null,
        null,
        null,
        1,
        362,
        362,
        null,
        36,
        null,
        326,
        null,
        null,
        null,
        1,
        18,
        null,
        null,
        null
      ],
      "/Volumes/Data/CiudadanoInteligente/abre/app/helpers/search_helper.rb": [
        1,
        null,
        1,
        1254,
        null,
        null,
        null,
        1,
        209,
        null,
        null,
        null,
        null,
        null,
        null,
        null,
        null,
        1,
        209,
        null,
        null,
        1,
        209,
        null,
        null,
        null
      ],
      "/Volumes/Data/CiudadanoInteligente/abre/app/helpers/settings_helper.rb": [
        1,
        null,
        1,
        11499,
        null,
        null,
        1,
        95914,
        null,
        null,
        null
      ],
      "/Volumes/Data/CiudadanoInteligente/abre/app/helpers/signature_sheets_helper.rb": [
        1,
        null,
        1,
        4,
        null,
        null,
        null,
        null
      ],
      "/Volumes/Data/CiudadanoInteligente/abre/app/helpers/spending_proposals_helper.rb": [
        1,
        null,
        1,
        49,
        null,
        null,
        1,
        106,
        106,
        null,
        58,
        null,
        48,
        null,
        null,
        null,
        1,
        100,
        65,
        null,
        35,
        null,
        null,
        null,
        null
      ],
      "/Volumes/Data/CiudadanoInteligente/abre/app/helpers/stats_helper.rb": [
        1,
        null,
        1,
        4,
        4,
        4,
        4,
        null,
        null,
        1,
        9,
        9,
        9,
        9,
        null,
        null,
        1,
        9,
        9,
        9,
        9,
        null,
        null,
        null
      ],
      "/Volumes/Data/CiudadanoInteligente/abre/app/helpers/tags_helper.rb": [
        1,
        null,
        1,
        64,
        null,
        0,
        null,
        64,
        null,
        0,
        null,
        0,
        null,
        null,
        null,
        1,
        1,
        1,
        null,
        0,
        null,
        1,
        null,
        0,
        null,
        0,
        null,
        null,
        null,
        null
      ],
      "/Volumes/Data/CiudadanoInteligente/abre/app/helpers/text_with_links_helper.rb": [
        1,
        null,
        1,
        360,
        360,
        360,
        null,
        null,
        1,
        193,
        193,
        null,
        null,
        1,
        52,
        null,
        null,
        null
      ],
      "/Volumes/Data/CiudadanoInteligente/abre/app/helpers/tracks_helper.rb": [
        1,
        null,
        1,
        103,
        103,
        103,
        206,
        null,
        103,
        103,
        null,
        null,
        null,
        null
      ],
      "/Volumes/Data/CiudadanoInteligente/abre/app/helpers/users_helper.rb": [
        1,
        null,
        1,
        132,
        null,
        82,
        null,
        24,
        null,
        24,
        null,
        null,
        null,
        1,
        9,
        9,
        0,
        9,
        null,
        null,
        4,
        null,
        5,
        null,
        null,
        null,
        1,
        4,
        null,
        1,
        null,
        2,
        null,
        1,
        null,
        0,
        null,
        null,
        null,
        1,
        40,
        null,
        null,
        null
      ],
      "/Volumes/Data/CiudadanoInteligente/abre/app/helpers/valuation_helper.rb": [
        1,
        null,
        1,
        49,
        0,
        null,
        79,
        null,
        null,
        null,
        1,
        22,
        null,
        0,
        null,
        null,
        null,
        19,
        null,
        null,
        null,
        3,
        null,
        null,
        null,
        1,
        98,
        null,
        null,
        null
      ],
      "/Volumes/Data/CiudadanoInteligente/abre/app/helpers/valuators_helper.rb": [
        1,
        null,
        1,
        4,
        null,
        null,
        null
      ],
      "/Volumes/Data/CiudadanoInteligente/abre/app/helpers/verification_helper.rb": [
        1,
        null,
        1,
        37,
        null,
        null,
        null,
        null,
        1,
        6,
        6,
        null,
        null,
        1,
        11,
        null,
        11,
        11,
        11,
        null,
        11,
        null,
        null,
        null
      ],
      "/Volumes/Data/CiudadanoInteligente/abre/app/helpers/votes_helper.rb": [
        1,
        null,
        1,
        2,
        null,
        null,
        1,
        2,
        2,
        1,
        1,
        1,
        null,
        null,
        null,
        1,
        0,
        null,
        0,
        null,
        0,
        null,
        0,
        null,
        null,
        null,
        1,
        919,
        null,
        null,
        null
      ],
      "/Volumes/Data/CiudadanoInteligente/abre/app/controllers/concerns/has_filters.rb": [
        1,
        1,
        null,
        1,
        1,
        18,
        292,
        292,
        null,
        null,
        null,
        null
      ],
      "/Volumes/Data/CiudadanoInteligente/abre/app/controllers/concerns/has_orders.rb": [
        1,
        1,
        null,
        1,
        1,
        14,
        388,
        388,
        388,
        null,
        null,
        null,
        null
      ],
      "/Volumes/Data/CiudadanoInteligente/abre/app/controllers/account_controller.rb": [
        1,
        1,
        1,
        1,
        null,
        1,
        null,
        null,
        1,
        8,
        7,
        null,
        1,
        1,
        null,
        null,
        null,
        1,
        null,
        1,
        71,
        null,
        null,
        1,
        8,
        1,
        null,
        7,
        null,
        null,
        null,
        null
      ],
      "/Volumes/Data/CiudadanoInteligente/abre/app/controllers/admin/activity_controller.rb": [
        1,
        1,
        null,
        1,
        9,
        null,
        null,
        null
      ],
      "/Volumes/Data/CiudadanoInteligente/abre/app/controllers/admin/base_controller.rb": [
        1,
        1,
        1,
        null,
        1,
        1,
        null,
        1,
        null,
        1,
        507,
        null,
        null,
        null
      ],
      "/Volumes/Data/CiudadanoInteligente/abre/app/controllers/admin/api/base_controller.rb": [
        1,
        1,
        null
      ],
      "/Volumes/Data/CiudadanoInteligente/abre/app/controllers/admin/api/stats_controller.rb": [
        1,
        null,
        1,
        null,
        5,
        null,
        1,
        null,
        null,
        4,
        null,
        4,
        3,
        3,
        4,
        null,
        null,
        null,
        4,
        2,
        null,
        null,
        4,
        0,
        null,
        null,
        4,
        null,
        null
      ],
      "/Volumes/Data/CiudadanoInteligente/abre/app/controllers/admin/banners_controller.rb": [
        1,
        null,
        1,
        null,
        1,
        1,
        null,
        1,
        null,
        1,
        null,
        1,
        10,
        null,
        null,
        1,
        1,
        1,
        1,
        null,
        0,
        null,
        null,
        null,
        1,
        1,
        1,
        null,
        0,
        null,
        null,
        null,
        1,
        1,
        1,
        null,
        null,
        1,
        null,
        1,
        3,
        null,
        null,
        1,
        16,
        null,
        null,
        1,
        16,
        null,
        null,
        null
      ],
      "/Volumes/Data/CiudadanoInteligente/abre/app/controllers/admin/budget_groups_controller.rb": [
        1,
        1,
        1,
        null,
        1,
        0,
        0,
        0,
        null,
        null,
        1,
        null,
        1,
        0,
        null,
        null,
        null
      ],
      "/Volumes/Data/CiudadanoInteligente/abre/app/controllers/concerns/feature_flags.rb": [
        1,
        1,
        null,
        1,
        1,
        16,
        525,
        null,
        null,
        null,
        null,
        1,
        525,
        null,
        null,
        1,
        1,
        339,
        null,
        null,
        1,
        1405,
        null,
        null,
        null
      ],
      "/Volumes/Data/CiudadanoInteligente/abre/app/controllers/admin/budget_headings_controller.rb": [
        1,
        1,
        1,
        null,
        1,
        0,
        0,
        0,
        0,
        null,
        null,
        1,
        null,
        1,
        0,
        null,
        null,
        null
      ],
      "/Volumes/Data/CiudadanoInteligente/abre/app/controllers/admin/budget_investments_controller.rb": [
        1,
        1,
        1,
        null,
        1,
        null,
        null,
        null,
        1,
        1,
        1,
        1,
        null,
        1,
        null,
        null,
        1,
        null,
        null,
        1,
        0,
        0,
        0,
        null,
        null,
        1,
        0,
        0,
        0,
        null,
        null,
        0,
        0,
        0,
        0,
        null,
        null,
        null,
        1,
        0,
        0,
        null,
        null,
        1,
        null,
        1,
        0,
        null,
        null,
        null,
        null,
        1,
        null,
        0,
        null,
        null,
        1,
        0,
        null,
        null,
        1,
        0,
        null,
        null,
        1,
        0,
        null,
        null,
        1,
        0,
        null,
        null,
        1,
        0,
        null,
        null,
        1,
        0,
        0,
        null,
        null,
        1,
        0,
        0,
        null,
        null
      ],
      "/Volumes/Data/CiudadanoInteligente/abre/app/controllers/admin/budgets_controller.rb": [
        1,
        1,
        1,
        null,
        1,
        null,
        1,
        null,
        1,
        0,
        null,
        null,
        1,
        0,
        null,
        null,
        1,
        null,
        null,
        1,
        null,
        null,
        1,
        0,
        0,
        null,
        0,
        null,
        null,
        null,
        1,
        0,
        0,
        0,
        null,
        0,
        null,
        null,
        null,
        1,
        null,
        1,
        0,
        0,
        0,
        null,
        null,
        null
      ],
      "/Volumes/Data/CiudadanoInteligente/abre/app/controllers/admin/comments_controller.rb": [
        1,
        1,
        null,
        1,
        null,
        1,
        16,
        null,
        null,
        1,
        1,
        1,
        null,
        null,
        1,
        3,
        3,
        3,
        3,
        null,
        null,
        1,
        null,
        1,
        4,
        null,
        null,
        null
      ],
      "/Volumes/Data/CiudadanoInteligente/abre/app/controllers/admin/dashboard_controller.rb": [
        1,
        null,
        1,
        null,
        null,
        null
      ],
      "/Volumes/Data/CiudadanoInteligente/abre/app/controllers/admin/debates_controller.rb": [
        1,
        1,
        null,
        1,
        null,
        1,
        null,
        1,
        null,
        1,
        0,
        null,
        null,
        1,
        0,
        0,
        null,
        null,
        1,
        0,
        0,
        0,
        0,
        null,
        null,
        1,
        null,
        1,
        0,
        null,
        null,
        null
      ],
      "/Volumes/Data/CiudadanoInteligente/abre/app/controllers/admin/geozones_controller.rb": [
        1,
        null,
        1,
        null,
        1,
        null,
        1,
        12,
        null,
        null,
        1,
        null,
        null,
        1,
        null,
        null,
        1,
        1,
        null,
        1,
        1,
        null,
        0,
        null,
        null,
        null,
        1,
        2,
        2,
        null,
        0,
        null,
        null,
        null,
        1,
        2,
        1,
        1,
        null,
        1,
        null,
        null,
        null,
        1,
        null,
        1,
        4,
        null,
        null
      ],
      "/Volumes/Data/CiudadanoInteligente/abre/app/controllers/admin/managers_controller.rb": [
        1,
        1,
        null,
        1,
        5,
        null,
        null,
        1,
        1,
        null,
        1,
        1,
        1,
        1,
        null,
        0,
        null,
        null,
        null,
        null,
        1,
        1,
        1,
        null,
        1,
        null,
        null,
        1,
        1,
        1,
        null,
        null
      ],
      "/Volumes/Data/CiudadanoInteligente/abre/app/controllers/admin/moderators_controller.rb": [
        1,
        1,
        null,
        1,
        5,
        null,
        null,
        1,
        1,
        null,
        1,
        1,
        1,
        1,
        null,
        0,
        null,
        null,
        null,
        null,
        1,
        1,
        1,
        null,
        1,
        null,
        null,
        1,
        1,
        1,
        null,
        null
      ],
      "/Volumes/Data/CiudadanoInteligente/abre/app/controllers/admin/officials_controller.rb": [
        1,
        null,
        1,
        8,
        null,
        null,
        1,
        1,
        null,
        null,
        1,
        3,
        null,
        null,
        1,
        2,
        2,
        2,
        null,
        null,
        1,
        1,
        1,
        1,
        null,
        null,
        1,
        null,
        1,
        2,
        null,
        null,
        null
      ],
      "/Volumes/Data/CiudadanoInteligente/abre/app/controllers/admin/organizations_controller.rb": [
        1,
        1,
        null,
        1,
        null,
        1,
        23,
        23,
        null,
        null,
        null,
        null,
        1,
        7,
        null,
        null,
        null,
        null,
        null,
        1,
        3,
        3,
        null,
        null,
        1,
        1,
        1,
        null,
        null,
        null
      ],
      "/Volumes/Data/CiudadanoInteligente/abre/app/controllers/admin/poll/booth_assignments_controller.rb": [
        1,
        null,
        1,
        null,
        1,
        10,
        null,
        null,
        1,
        1,
        1,
        1,
        1,
        null,
        null,
        null,
        1,
        4,
        5,
        null,
        null,
        1,
        1,
        null,
        1,
        1,
        null,
        0,
        null,
        1,
        null,
        null,
        1,
        1,
        null,
        1,
        1,
        null,
        0,
        null,
        1,
        null,
        null,
        1,
        null,
        1,
        0,
        null,
        null,
        1,
        2,
        null,
        null,
        1,
        15,
        null,
        null,
        1,
        1,
        null,
        null,
        1,
        1,
        null,
        null,
        null
      ],
      "/Volumes/Data/CiudadanoInteligente/abre/app/controllers/admin/poll/booths_controller.rb": [
        1,
        1,
        null,
        1,
        8,
        null,
        null,
        1,
        null,
        null,
        1,
        null,
        null,
        1,
        1,
        1,
        null,
        0,
        null,
        null,
        null,
        1,
        null,
        null,
        1,
        1,
        1,
        null,
        0,
        null,
        null,
        null,
        1,
        null,
        1,
        2,
        null,
        null,
        null
      ],
      "/Volumes/Data/CiudadanoInteligente/abre/app/controllers/admin/poll/officer_assignments_controller.rb": [
        1,
        null,
        1,
        1,
        1,
        null,
        1,
        4,
        null,
        null,
        null,
        null,
        null,
        null,
        null,
        1,
        5,
        5,
        5,
        null,
        null,
        null,
        null,
        null,
        null,
        1,
        1,
        1,
        null,
        1,
        1,
        null,
        null,
        null,
        1,
        1,
        null,
        null,
        1,
        null,
        1,
        1,
        null,
        0,
        null,
        1,
        null,
        null,
        1,
        1,
        null,
        1,
        1,
        null,
        0,
        null,
        1,
        null,
        null,
        1,
        null,
        1,
        10,
        null,
        null,
        1,
        6,
        null,
        null,
        1,
        1,
        null,
        null,
        1,
        12,
        null,
        null,
        1,
        5,
        0,
        null,
        null,
        null,
        1,
        1,
        null,
        null,
        1,
        1,
        null,
        null,
        null
      ],
      "/Volumes/Data/CiudadanoInteligente/abre/app/controllers/admin/poll/officers_controller.rb": [
        1,
        1,
        null,
        1,
        5,
        null,
        null,
        1,
        1,
        null,
        1,
        1,
        1,
        1,
        null,
        0,
        null,
        null,
        null,
        null,
        1,
        1,
        1,
        null,
        1,
        null,
        null,
        1,
        1,
        1,
        null,
        null,
        1,
        null,
        null,
        1,
        null,
        null,
        null
      ],
      "/Volumes/Data/CiudadanoInteligente/abre/app/controllers/admin/poll/polls_controller.rb": [
        1,
        1,
        null,
        1,
        1,
        null,
        1,
        null,
        null,
        1,
        27,
        null,
        null,
        null,
        null,
        1,
        null,
        null,
        1,
        1,
        1,
        null,
        0,
        null,
        null,
        null,
        1,
        null,
        null,
        1,
        1,
        1,
        null,
        0,
        null,
        null,
        null,
        1,
        1,
        null,
        1,
        1,
        1,
        null,
        0,
        null,
        1,
        null,
        null,
        1,
        1,
        null,
        1,
        1,
        1,
        null,
        0,
        null,
        1,
        null,
        null,
        1,
        1,
        1,
        1,
        null,
        null,
        null,
        1,
        1,
        5,
        null,
        null,
        1,
        2,
        null,
        null,
        1,
        1,
        null,
        null,
        1,
        1,
        null,
        null,
        null
      ],
      "/Volumes/Data/CiudadanoInteligente/abre/app/controllers/admin/poll/questions_controller.rb": [
        1,
        1,
        1,
        null,
        1,
        6,
        6,
        null,
        6,
        null,
        6,
        null,
        null,
        1,
        2,
        2,
        2,
        2,
        null,
        null,
        1,
        2,
        null,
        2,
        2,
        null,
        0,
        null,
        null,
        null,
        1,
        null,
        null,
        1,
        null,
        null,
        1,
        1,
        1,
        null,
        0,
        null,
        null,
        null,
        1,
        1,
        1,
        null,
        0,
        null,
        1,
        null,
        null,
        1,
        null,
        1,
        3,
        null,
        null,
        1,
        12,
        null,
        null,
        null
      ],
      "/Volumes/Data/CiudadanoInteligente/abre/app/controllers/admin/poll/recounts_controller.rb": [
        1,
        1,
        null,
        1,
        2,
        null,
        null,
        null,
        null,
        null,
        1,
        null,
        1,
        2,
        null,
        null
      ],
      "/Volumes/Data/CiudadanoInteligente/abre/app/controllers/admin/poll/results_controller.rb": [
        1,
        1,
        null,
        1,
        2,
        null,
        null,
        1,
        null,
        1,
        2,
        null,
        null
      ],
      "/Volumes/Data/CiudadanoInteligente/abre/app/controllers/admin/problems_controller.rb": [
        1,
        1,
        1,
        null,
        1,
        null,
        null,
        1,
        null,
        null,
        1,
        null,
        null,
        1,
        0,
        0,
        null,
        0,
        null,
        null,
        null,
        1,
        null,
        null,
        1,
        0,
        0,
        null,
        0,
        null,
        null,
        null,
        1,
        null,
        null,
        1,
        0,
        0,
        null,
        0,
        null,
        null,
        null,
        1,
        1,
        0,
        null,
        null,
        1,
        0,
        null,
        null,
        null
      ],
      "/Volumes/Data/CiudadanoInteligente/abre/app/controllers/admin/proposals_controller.rb": [
        1,
        1,
        null,
        1,
        null,
        1,
        17,
        null,
        null,
        1,
        1,
        1,
        null,
        null,
        1,
        3,
        3,
        3,
        3,
        null,
        null,
        1,
        null,
        1,
        4,
        null,
        null,
        null
      ],
      "/Volumes/Data/CiudadanoInteligente/abre/app/controllers/admin/settings_controller.rb": [
        1,
        null,
        1,
        352,
        7,
        7,
        7,
        7,
        null,
        null,
        1,
        3,
        3,
        3,
        null,
        null,
        1,
        null,
        1,
        3,
        null,
        null,
        null
      ],
      "/Volumes/Data/CiudadanoInteligente/abre/app/controllers/admin/signature_sheets_controller.rb": [
        1,
        null,
        1,
        1,
        null,
        null,
        1,
        3,
        null,
        null,
        1,
        3,
        3,
        3,
        2,
        2,
        null,
        1,
        null,
        null,
        null,
        1,
        3,
        null,
        null,
        1,
        null,
        1,
        3,
        null,
        null,
        null
      ],
      "/Volumes/Data/CiudadanoInteligente/abre/app/controllers/admin/spending_proposals_controller.rb": [
        1,
        1,
        1,
        null,
        1,
        null,
        1,
        null,
        1,
        49,
        null,
        null,
        1,
        null,
        null,
        1,
        10,
        10,
        10,
        null,
        null,
        1,
        6,
        5,
        null,
        null,
        1,
        1,
        1,
        1,
        null,
        null,
        null,
        1,
        24,
        8,
        null,
        null,
        1,
        null,
        1,
        6,
        null,
        null,
        1,
        11,
        null,
        null,
        1,
        11,
        null,
        null,
        1,
        11,
        null,
        null,
        null
      ],
      "/Volumes/Data/CiudadanoInteligente/abre/app/controllers/admin/stats_controller.rb": [
        1,
        null,
        1,
        9,
        null,
        9,
        9,
        9,
        9,
        null,
        9,
        9,
        9,
        9,
        null,
        9,
        9,
        9,
        9,
        9,
        9,
        9,
        9,
        null,
        null,
        1,
        2,
        2,
        null,
        null,
        1,
        1,
        1,
        null,
        null,
        null
      ],
      "/Volumes/Data/CiudadanoInteligente/abre/app/controllers/admin/tags_controller.rb": [
        1,
        1,
        null,
        1,
        null,
        1,
        13,
        13,
        null,
        null,
        1,
        1,
        1,
        null,
        null,
        1,
        1,
        1,
        null,
        null,
        1,
        2,
        2,
        null,
        null,
        1,
        null,
        1,
        2,
        null,
        null,
        1,
        3,
        null,
        null,
        null
      ],
      "/Volumes/Data/CiudadanoInteligente/abre/app/controllers/admin/users_controller.rb": [
        1,
        1,
        null,
        1,
        null,
        1,
        15,
        null,
        null,
        1,
        1,
        1,
        1,
        null,
        null,
        1,
        1,
        1,
        null,
        null,
        1,
        3,
        3,
        3,
        null,
        null,
        1,
        null,
        1,
        4,
        null,
        null,
        null
      ],
      "/Volumes/Data/CiudadanoInteligente/abre/app/controllers/admin/valuators_controller.rb": [
        1,
        1,
        null,
        1,
        3,
        null,
        null,
        1,
        1,
        null,
        1,
        1,
        1,
        1,
        null,
        0,
        null,
        null,
        null,
        null,
        1,
        1,
        1,
        null,
        1,
        null,
        null,
        1,
        3,
        null,
        null,
        1,
        null,
        1,
        2,
        2,
        null,
        null,
        null
      ],
      "/Volumes/Data/CiudadanoInteligente/abre/app/controllers/admin/verifications_controller.rb": [
        1,
        null,
        1,
        5,
        null,
        null,
        1,
        1,
        1,
        null,
        null,
        null
      ],
      "/Volumes/Data/CiudadanoInteligente/abre/app/controllers/annotations_controller.rb": [
        1,
        1,
        1,
        null,
        1,
        1,
        1,
        1,
        1,
        null,
        null,
        null,
        1,
        1,
        1,
        1,
        null,
        null,
        null,
        1,
        1,
        1,
        1,
        null,
        null,
        1,
        6,
        6,
        6,
        null,
        null,
        1,
        null,
        1,
        null,
        null,
        null,
        3,
        null,
        null
      ],
      "/Volumes/Data/CiudadanoInteligente/abre/app/controllers/budgets/ballot/lines_controller.rb": [
        1,
        1,
        1,
        1,
        null,
        1,
        1,
        1,
        1,
        null,
        1,
        null,
        1,
        1,
        1,
        null,
        1,
        0,
        0,
        null,
        0,
        0,
        null,
        null,
        null,
        1,
        1,
        1,
        null,
        1,
        1,
        null,
        null,
        null,
        1,
        null,
        1,
        0,
        null,
        null,
        1,
        0,
        null,
        null,
        1,
        1,
        null,
        null,
        1,
        1,
        null,
        null,
        1,
        0,
        null,
        null,
        1,
        2,
        0,
        0,
        null,
        null,
        null,
        1,
        1,
        null,
        null,
        1,
        1,
        null,
        null,
        1,
        1,
        null,
        null,
        null,
        null,
        null
      ],
      "/Volumes/Data/CiudadanoInteligente/abre/app/controllers/budgets/ballots_controller.rb": [
        1,
        1,
        1,
        1,
        1,
        null,
        1,
        2,
        2,
        null,
        null,
        1,
        null,
        1,
        2,
        2,
        null,
        null,
        null,
        null
      ],
      "/Volumes/Data/CiudadanoInteligente/abre/app/controllers/budgets/groups_controller.rb": [
        1,
        1,
        1,
        1,
        null,
        1,
        null,
        null,
        null,
        null
      ],
      "/Volumes/Data/CiudadanoInteligente/abre/app/controllers/budgets/investments_controller.rb": [
        1,
        1,
        1,
        1,
        1,
        null,
        1,
        null,
        1,
        1,
        null,
        94,
        1,
        1,
        1,
        1,
        null,
        1,
        null,
        1,
        1,
        null,
        1,
        null,
        1,
        null,
        1,
        0,
        0,
        0,
        0,
        null,
        null,
        1,
        null,
        null,
        1,
        1,
        1,
        1,
        1,
        1,
        null,
        null,
        1,
        1,
        null,
        1,
        1,
        1,
        null,
        null,
        0,
        null,
        null,
        null,
        1,
        0,
        0,
        null,
        null,
        1,
        0,
        0,
        0,
        0,
        0,
        null,
        null,
        null,
        1,
        null,
        1,
        1,
        null,
        null,
        1,
        42,
        42,
        42,
        42,
        null,
        0,
        null,
        null,
        null,
        1,
        1,
        null,
        null,
        1,
        83,
        83,
        null,
        null,
        1,
        83,
        40,
        40,
        null,
        null,
        null,
        1,
        52,
        null,
        null,
        1,
        0,
        null,
        null,
        null,
        null
      ],
      "/Volumes/Data/CiudadanoInteligente/abre/app/controllers/concerns/commentable_actions.rb": [
        1,
        1,
        1,
        null,
        1,
        218,
        218,
        null,
        218,
        218,
        218,
        null,
        218,
        218,
        null,
        218,
        218,
        null,
        null,
        1,
        84,
        84,
        84,
        84,
        84,
        null,
        null,
        1,
        18,
        18,
        18,
        null,
        null,
        1,
        0,
        0,
        null,
        null,
        1,
        0,
        0,
        null,
        0,
        0,
        0,
        0,
        null,
        0,
        0,
        0,
        0,
        null,
        null,
        null,
        1,
        null,
        null,
        1,
        4,
        4,
        3,
        null,
        1,
        1,
        1,
        1,
        null,
        null,
        null,
        1,
        2,
        2,
        null,
        null,
        1,
        null,
        1,
        0,
        null,
        null,
        1,
        225,
        null,
        null,
        1,
        14,
        null,
        null,
        1,
        18,
        null,
        null,
        1,
        245,
        null,
        null,
        1,
        265,
        2,
        null,
        null,
        null,
        1,
        270,
        null,
        null,
        1,
        265,
        265,
        null,
        null,
        1,
        265,
        9,
        null,
        null,
        1,
        265,
        null,
        null,
        1,
        9,
        null,
        3,
        null,
        1,
        null,
        1,
        null,
        1,
        null,
        3,
        null,
        null,
        null,
        1,
        9,
        null,
        null,
        1,
        9,
        null,
        null,
        1,
        265,
        19,
        null,
        null,
        null,
        1,
        302,
        null,
        null,
        1,
        null,
        null,
        null,
        null
      ],
      "/Volumes/Data/CiudadanoInteligente/abre/app/controllers/concerns/polymorphic.rb": [
        1,
        null,
        1,
        null,
        1,
        181,
        null,
        null,
        1,
        816,
        null,
        null,
        1,
        103,
        null,
        null,
        1,
        272,
        null,
        null,
        1,
        4,
        null,
        null,
        null
      ],
      "/Volumes/Data/CiudadanoInteligente/abre/app/controllers/concerns/flag_actions.rb": [
        1,
        1,
        null,
        1,
        1,
        1,
        null,
        null,
        1,
        1,
        1,
        null,
        null,
        1,
        null,
        1,
        4,
        null,
        null,
        null
      ],
      "/Volumes/Data/CiudadanoInteligente/abre/app/controllers/budgets_controller.rb": [
        1,
        1,
        1,
        null,
        1,
        1,
        null,
        1,
        null,
        null,
        1,
        0,
        null,
        null,
        null
      ],
      "/Volumes/Data/CiudadanoInteligente/abre/app/controllers/comments_controller.rb": [
        1,
        1,
        1,
        1,
        null,
        1,
        1,
        null,
        1,
        13,
        11,
        11,
        null,
        2,
        null,
        null,
        null,
        1,
        5,
        5,
        null,
        null,
        1,
        4,
        4,
        null,
        null,
        1,
        1,
        1,
        1,
        null,
        null,
        1,
        1,
        1,
        1,
        null,
        null,
        1,
        null,
        1,
        76,
        null,
        null,
        1,
        13,
        13,
        null,
        null,
        1,
        13,
        2,
        11,
        2,
        null,
        null,
        null,
        1,
        13,
        null,
        null,
        1,
        13,
        null,
        null,
        1,
        11,
        null,
        null,
        1,
        11,
        3,
        null,
        8,
        null,
        11,
        null,
        null,
        null
      ],
      "/Volumes/Data/CiudadanoInteligente/abre/app/controllers/concerns/moderate_actions.rb": [
        1,
        1,
        1,
        null,
        1,
        54,
        null,
        null,
        null,
        54,
        null,
        null,
        1,
        2,
        null,
        null,
        1,
        12,
        12,
        null,
        12,
        10,
        null,
        8,
        4,
        null,
        4,
        4,
        10,
        null,
        null,
        12,
        null,
        null,
        1,
        null,
        1,
        66,
        null,
        null,
        1,
        8,
        8,
        null,
        null,
        1,
        6,
        6,
        null,
        null,
        1,
        12,
        12,
        null,
        null,
        1,
        2,
        null,
        null,
        null
      ],
      "/Volumes/Data/CiudadanoInteligente/abre/app/controllers/debates_controller.rb": [
        1,
        1,
        1,
        1,
        null,
        1,
        1,
        1,
        1,
        1,
        null,
        1,
        null,
        1,
        null,
        1,
        1,
        null,
        1,
        1,
        1,
        null,
        1,
        0,
        0,
        null,
        null,
        1,
        0,
        0,
        null,
        null,
        1,
        0,
        0,
        null,
        null,
        1,
        0,
        0,
        null,
        null,
        1,
        0,
        0,
        null,
        null,
        1,
        null,
        1,
        0,
        null,
        null,
        1,
        0,
        null,
        null,
        null
      ],
      "/Volumes/Data/CiudadanoInteligente/abre/app/controllers/direct_messages_controller.rb": [
        1,
        1,
        null,
        1,
        7,
        7,
        null,
        null,
        1,
        4,
        4,
        null,
        4,
        4,
        3,
        3,
        3,
        null,
        1,
        null,
        null,
        null,
        1,
        3,
        null,
        null,
        1,
        null,
        1,
        8,
        null,
        null,
        1,
        4,
        null,
        null
      ],
      "/Volumes/Data/CiudadanoInteligente/abre/app/controllers/legislations_controller.rb": [
        1,
        1,
        null,
        1,
        7,
        null,
        null,
        null
      ],
      "/Volumes/Data/CiudadanoInteligente/abre/app/controllers/management/account_controller.rb": [
        1,
        null,
        1,
        null,
        1,
        null,
        null,
        1,
        null,
        1,
        2,
        null,
        null,
        null
      ],
      "/Volumes/Data/CiudadanoInteligente/abre/app/controllers/management/base_controller.rb": [
        1,
        1,
        null,
        1,
        1,
        null,
        1,
        null,
        1,
        null,
        1,
        177,
        null,
        null,
        1,
        181,
        null,
        null,
        1,
        347,
        null,
        null,
        1,
        315,
        null,
        null,
        1,
        31,
        5,
        null,
        null,
        null,
        1,
        177,
        2,
        null,
        null,
        177,
        null,
        177,
        null,
        null,
        null
      ],
      "/Volumes/Data/CiudadanoInteligente/abre/app/controllers/management/budgets/investments_controller.rb": [
        1,
        null,
        1,
        1,
        null,
        1,
        1,
        null,
        1,
        0,
        0,
        null,
        null,
        1,
        0,
        null,
        null,
        1,
        0,
        0,
        null,
        0,
        0,
        0,
        null,
        0,
        null,
        null,
        null,
        1,
        0,
        null,
        null,
        1,
        0,
        0,
        0,
        0,
        0,
        null,
        null,
        null,
        1,
        0,
        0,
        null,
        null,
        1,
        null,
        1,
        0,
        null,
        null,
        1,
        0,
        null,
        null,
        1,
        0,
        null,
        null,
        1,
        0,
        null,
        null,
        1,
        0,
        null,
        null,
        null
      ],
      "/Volumes/Data/CiudadanoInteligente/abre/app/controllers/management/budgets_controller.rb": [
        1,
        1,
        1,
        1,
        null,
        1,
        null,
        1,
        0,
        null,
        0,
        0,
        null,
        null,
        null,
        null,
        1,
        0,
        null,
        null,
        1,
        0,
        null,
        null,
        1,
        null,
        1,
        0,
        null,
        null,
        1,
        0,
        null,
        null,
        null
      ],
      "/Volumes/Data/CiudadanoInteligente/abre/app/controllers/management/dashboard_controller.rb": [
        1,
        null,
        1,
        null,
        null,
        null
      ],
      "/Volumes/Data/CiudadanoInteligente/abre/app/controllers/management/document_verifications_controller.rb": [
        1,
        null,
        1,
        1,
        null,
        1,
        23,
        null,
        null,
        1,
        15,
        null,
        15,
        15,
        3,
        12,
        3,
        9,
        6,
        null,
        3,
        null,
        null,
        0,
        null,
        null,
        null,
        1,
        2,
        2,
        2,
        null,
        null,
        1,
        null,
        1,
        23,
        null,
        null,
        1,
        15,
        15,
        null,
        null,
        1,
        15,
        null,
        null,
        null
      ],
      "/Volumes/Data/CiudadanoInteligente/abre/app/controllers/management/email_verifications_controller.rb": [
        1,
        null,
        1,
        6,
        null,
        null,
        1,
        2,
        null,
        2,
        2,
        null,
        0,
        null,
        null,
        null,
        1,
        null,
        1,
        8,
        null,
        null,
        null
      ],
      "/Volumes/Data/CiudadanoInteligente/abre/app/controllers/management/proposals_controller.rb": [
        1,
        1,
        1,
        null,
        1,
        1,
        1,
        1,
        1,
        null,
        1,
        1,
        null,
        1,
        4,
        4,
        4,
        null,
        null,
        1,
        2,
        2,
        null,
        null,
        1,
        3,
        3,
        null,
        null,
        1,
        null,
        1,
        6,
        null,
        null,
        1,
        0,
        null,
        null,
        1,
        21,
        null,
        null,
        1,
        14,
        null,
        null,
        1,
        14,
        null,
        null,
        1,
        4,
        null,
        null,
        null
      ],
      "/Volumes/Data/CiudadanoInteligente/abre/app/controllers/management/sessions_controller.rb": [
        1,
        null,
        1,
        null,
        1,
        64,
        64,
        62,
        null,
        2,
        null,
        null,
        null,
        1,
        1,
        1,
        null,
        null,
        1,
        null,
        1,
        65,
        65,
        65,
        null,
        null,
        1,
        64,
        2,
        null,
        null,
        null,
        1,
        62,
        59,
        null,
        null,
        null,
        1,
        3,
        1,
        null,
        null,
        null,
        null
      ],
      "/Volumes/Data/CiudadanoInteligente/abre/lib/manager_authenticator.rb": [
        1,
        null,
        1,
        8,
        null,
        null,
        1,
        31,
        5,
        4,
        null,
        null,
        1,
        null,
        1,
        1,
        0,
        0,
        null,
        1,
        null,
        null,
        1,
        1,
        0,
        0,
        null,
        0,
        null,
        1,
        null,
        null,
        1,
        4,
        null,
        null,
        1,
        0,
        null,
        null,
        1,
        0,
        null,
        null
      ],
      "/Volumes/Data/CiudadanoInteligente/abre/app/controllers/management/spending_proposals_controller.rb": [
        1,
        null,
        1,
        1,
        null,
        1,
        7,
        7,
        null,
        null,
        1,
        1,
        null,
        null,
        1,
        1,
        1,
        null,
        1,
        1,
        null,
        0,
        null,
        null,
        null,
        1,
        2,
        null,
        null,
        1,
        2,
        2,
        null,
        null,
        1,
        3,
        3,
        3,
        null,
        null,
        1,
        null,
        1,
        4,
        null,
        null,
        1,
        1,
        null,
        null,
        1,
        15,
        null,
        null,
        null,
        1,
        14,
        null,
        null,
        1,
        3,
        2,
        null,
        1,
        null,
        null,
        null,
        1,
        10,
        10,
        3,
        3,
        null,
        10,
        10,
        null,
        null,
        null
      ],
      "/Volumes/Data/CiudadanoInteligente/abre/app/controllers/management/user_invites_controller.rb": [
        1,
        null,
        1,
        null,
        null,
        1,
        2,
        2,
        6,
        null,
        null,
        null,
        null
      ],
      "/Volumes/Data/CiudadanoInteligente/abre/app/controllers/management/users_controller.rb": [
        1,
        null,
        1,
        2,
        null,
        null,
        1,
        2,
        2,
        2,
        2,
        2,
        null,
        2,
        2,
        null,
        0,
        null,
        null,
        null,
        1,
        2,
        2,
        2,
        null,
        null,
        1,
        2,
        2,
        null,
        null,
        1,
        null,
        1,
        4,
        null,
        null,
        1,
        4,
        4,
        null,
        null,
        null
      ],
      "/Volumes/Data/CiudadanoInteligente/abre/app/controllers/moderation/base_controller.rb": [
        1,
        1,
        null,
        1,
        1,
        null,
        1,
        null,
        1,
        null,
        1,
        95,
        null,
        null,
        null
      ],
      "/Volumes/Data/CiudadanoInteligente/abre/app/controllers/moderation/comments_controller.rb": [
        1,
        1,
        null,
        1,
        1,
        null,
        1,
        null,
        1,
        null,
        1,
        null,
        1,
        66,
        null,
        null,
        1,
        2,
        null,
        null
      ],
      "/Volumes/Data/CiudadanoInteligente/abre/app/controllers/moderation/dashboard_controller.rb": [
        1,
        null,
        1,
        null,
        null,
        null
      ],
      "/Volumes/Data/CiudadanoInteligente/abre/app/controllers/moderation/debates_controller.rb": [
        1,
        1,
        1,
        null,
        1,
        1,
        null,
        1,
        null,
        1,
        null,
        1,
        null,
        1,
        null,
        1,
        0,
        null,
        null,
        null
      ],
      "/Volumes/Data/CiudadanoInteligente/abre/app/controllers/moderation/proposals_controller.rb": [
        1,
        1,
        null,
        1,
        1,
        null,
        1,
        null,
        1,
        null,
        1,
        null,
        1,
        68,
        null,
        null
      ],
      "/Volumes/Data/CiudadanoInteligente/abre/app/controllers/moderation/users_controller.rb": [
        1,
        null,
        1,
        null,
        1,
        null,
        1,
        null,
        null,
        1,
        2,
        null,
        2,
        null,
        null,
        1,
        2,
        null,
        2,
        null,
        null,
        1,
        null,
        1,
        5,
        null,
        null,
        1,
        4,
        4,
        null,
        null,
        null
      ],
      "/Volumes/Data/CiudadanoInteligente/abre/app/controllers/notifications_controller.rb": [
        1,
        1,
        1,
        1,
        null,
        1,
        9,
        null,
        null,
        1,
        1,
        1,
        null,
        null,
        1,
        3,
        1,
        null,
        null,
        1,
        null,
        1,
        1,
        null,
        null,
        null
      ],
      "/Volumes/Data/CiudadanoInteligente/abre/app/controllers/officing/base_controller.rb": [
        1,
        1,
        null,
        1,
        1,
        null,
        1,
        null,
        1,
        71,
        null,
        null
      ],
      "/Volumes/Data/CiudadanoInteligente/abre/app/controllers/officing/dashboard_controller.rb": [
        1,
        null,
        1,
        null,
        null,
        null
      ],
      "/Volumes/Data/CiudadanoInteligente/abre/app/controllers/officing/final_recounts_controller.rb": [
        1,
        1,
        1,
        null,
        1,
        7,
        null,
        null,
        null,
        null,
        null,
        null,
        null,
        13,
        null,
        null,
        1,
        2,
        2,
        2,
        null,
        2,
        2,
        null,
        0,
        null,
        2,
        null,
        null,
        1,
        1,
        9,
        null,
        null,
        1,
        2,
        null,
        2,
        0,
        null,
        null,
        null,
        1,
        6,
        null,
        null,
        null
      ],
      "/Volumes/Data/CiudadanoInteligente/abre/app/controllers/officing/polls_controller.rb": [
        1,
        null,
        1,
        2,
        4,
        null,
        null,
        1,
        4,
        4,
        null,
        8,
        null,
        null,
        null
      ],
      "/Volumes/Data/CiudadanoInteligente/abre/app/controllers/officing/recounts_controller.rb": [
        1,
        1,
        1,
        null,
        1,
        5,
        null,
        null,
        null,
        null,
        null,
        null,
        9,
        null,
        null,
        1,
        2,
        2,
        2,
        null,
        2,
        2,
        null,
        0,
        null,
        2,
        null,
        null,
        1,
        1,
        7,
        null,
        null,
        1,
        2,
        null,
        2,
        0,
        null,
        null,
        null,
        1,
        4,
        null,
        null,
        null
      ],
      "/Volumes/Data/CiudadanoInteligente/abre/app/controllers/officing/residence_controller.rb": [
        1,
        null,
        1,
        1,
        null,
        1,
        8,
        null,
        null,
        1,
        6,
        6,
        3,
        null,
        3,
        null,
        null,
        null,
        1,
        null,
        1,
        6,
        null,
        null,
        1,
        14,
        null,
        null,
        null,
        null,
        null,
        1,
        6,
        0,
        null,
        null,
        null
      ],
      "/Volumes/Data/CiudadanoInteligente/abre/app/controllers/officing/results_controller.rb": [
        1,
        1,
        null,
        1,
        1,
        null,
        1,
        1,
        1,
        null,
        1,
        null,
        null,
        1,
        12,
        null,
        2,
        2,
        null,
        null,
        1,
        3,
        null,
        3,
        null,
        3,
        null,
        null,
        3,
        3,
        null,
        null,
        null,
        1,
        null,
        1,
        2,
        0,
        null,
        2,
        null,
        0,
        null,
        null,
        null,
        1,
        2,
        null,
        2,
        4,
        4,
        null,
        4,
        8,
        6,
        6,
        null,
        6,
        null,
        null,
        null,
        6,
        6,
        6,
        6,
        6,
        null,
        null,
        null,
        null,
        2,
        2,
        null,
        null,
        1,
        2,
        2,
        null,
        2,
        2,
        2,
        2,
        2,
        null,
        null,
        null,
        1,
        2,
        2,
        null,
        2,
        2,
        2,
        2,
        2,
        null,
        null,
        null,
        1,
        0,
        0,
        0,
        0,
        0,
        0,
        null,
        null,
        1,
        11,
        null,
        null,
        1,
        2,
        null,
        null,
        null,
        1,
        6,
        null,
        null,
        null,
        null,
        null,
        null,
        null,
        null,
        1,
        6,
        5,
        null,
        null,
        null,
        1,
        26,
        null,
        null,
        1,
        15,
        null,
        null,
        null
      ],
      "/Volumes/Data/CiudadanoInteligente/abre/app/controllers/officing/voters_controller.rb": [
        1,
        1,
        null,
        1,
        5,
        5,
        null,
        null,
        1,
        1,
        1,
        1,
        null,
        null,
        null,
        1,
        null,
        null,
        1,
        null,
        1,
        2,
        null,
        null,
        null
      ],
      "/Volumes/Data/CiudadanoInteligente/abre/app/controllers/organizations/registrations_controller.rb": [
        1,
        null,
        1,
        null,
        1,
        5,
        5,
        null,
        null,
        null,
        1,
        null,
        null,
        1,
        2,
        2,
        1,
        null,
        1,
        null,
        null,
        1,
        null,
        null,
        null,
        1,
        null,
        1,
        1,
        null,
        null,
        1,
        null,
        1,
        3,
        null,
        null,
        null
      ],
      "/Volumes/Data/CiudadanoInteligente/abre/app/controllers/pages_controller.rb": [
        1,
        1,
        null,
        1,
        11,
        null,
        1,
        null,
        null
      ],
      "/Volumes/Data/CiudadanoInteligente/abre/app/controllers/polls/questions_controller.rb": [
        1,
        null,
        1,
        1,
        null,
        1,
        null,
        1,
        9,
        9,
        9,
        null,
        9,
        9,
        null,
        null,
        1,
        2,
        null,
        2,
        2,
        2,
        null,
        2,
        null,
        null,
        null
      ],
      "/Volumes/Data/CiudadanoInteligente/abre/app/controllers/polls_controller.rb": [
        1,
        null,
        1,
        null,
        1,
        null,
        1,
        null,
        1,
        7,
        null,
        null,
        1,
        12,
        null,
        12,
        12,
        12,
        1,
        null,
        null,
        null,
        null
      ],
      "/Volumes/Data/CiudadanoInteligente/abre/app/models/poll.rb": [
        1,
        1,
        1,
        1,
        1,
        1,
        1,
        1,
        1,
        1,
        null,
        1,
        null,
        1,
        null,
        1,
        null,
        11,
        3,
        23,
        1,
        1,
        null,
        8,
        null,
        1,
        84,
        null,
        null,
        1,
        16,
        null,
        null,
        1,
        20,
        null,
        null,
        1,
        null,
        105,
        null,
        39,
        null,
        null,
        1,
        9,
        null,
        7,
        null,
        null,
        1,
        6,
        null,
        null,
        1,
        8,
        null,
        null,
        1,
        296,
        3,
        null,
        null,
        null,
        null
      ],
      "/Volumes/Data/CiudadanoInteligente/abre/app/models/poll/answer.rb": [
        1,
        null,
        3,
        1,
        null,
        1,
        null,
        1,
        1,
        1,
        11,
        null,
        13,
        13,
        null,
        1,
        4,
        null,
        null
      ],
      "/Volumes/Data/CiudadanoInteligente/abre/app/controllers/proposal_notifications_controller.rb": [
        1,
        1,
        null,
        1,
        12,
        12,
        12,
        null,
        null,
        1,
        10,
        10,
        10,
        8,
        5,
        null,
        8,
        null,
        2,
        null,
        null,
        null,
        1,
        8,
        null,
        null,
        1,
        null,
        1,
        30,
        null,
        null,
        null
      ],
      "/Volumes/Data/CiudadanoInteligente/abre/app/controllers/proposals_controller.rb": [
        1,
        1,
        1,
        null,
        1,
        1,
        1,
        1,
        1,
        1,
        1,
        null,
        1,
        null,
        1,
        1,
        null,
        1,
        1,
        1,
        null,
        1,
        80,
        80,
        80,
        null,
        null,
        1,
        237,
        237,
        237,
        237,
        null,
        null,
        1,
        3,
        3,
        null,
        null,
        1,
        2,
        1,
        null,
        1,
        null,
        null,
        null,
        1,
        null,
        null,
        1,
        1,
        1,
        null,
        null,
        1,
        5,
        5,
        null,
        null,
        1,
        null,
        1,
        4,
        null,
        null,
        1,
        1,
        null,
        null,
        1,
        2,
        2,
        2,
        null,
        null,
        1,
        770,
        null,
        null,
        1,
        103,
        null,
        null,
        1,
        237,
        null,
        null,
        1,
        237,
        4,
        4,
        null,
        233,
        null,
        null,
        null,
        1,
        230,
        230,
        102,
        102,
        null,
        null,
        null,
        1,
        237,
        null,
        null,
        null
      ],
      "/Volumes/Data/CiudadanoInteligente/abre/app/controllers/spending_proposals_controller.rb": [
        1,
        1,
        null,
        1,
        36,
        null,
        1,
        null,
        1,
        null,
        1,
        null,
        1,
        null,
        1,
        11,
        11,
        null,
        null,
        1,
        6,
        null,
        null,
        1,
        9,
        null,
        null,
        1,
        3,
        3,
        null,
        3,
        2,
        2,
        null,
        1,
        null,
        null,
        null,
        1,
        0,
        0,
        0,
        null,
        null,
        1,
        3,
        3,
        null,
        null,
        1,
        null,
        1,
        8,
        null,
        null,
        1,
        1,
        0,
        null,
        1,
        null,
        null,
        null,
        1,
        11,
        11,
        1,
        1,
        null,
        11,
        11,
        null,
        null,
        null
      ],
      "/Volumes/Data/CiudadanoInteligente/abre/app/controllers/stats_controller.rb": [
        1,
        1,
        null,
        1,
        null,
        1,
        null,
        1,
        6,
        6,
        6,
        6,
        null,
        6,
        6,
        6,
        6,
        null,
        6,
        6,
        null,
        null,
        1,
        null,
        1,
        30,
        null,
        null
      ],
      "/Volumes/Data/CiudadanoInteligente/abre/app/controllers/users/confirmations_controller.rb": [
        1,
        null,
        null,
        null,
        1,
        1,
        null,
        1,
        1,
        null,
        1,
        1,
        1,
        1,
        1,
        1,
        null,
        0,
        null,
        null,
        0,
        0,
        null,
        null,
        null,
        null,
        1,
        null,
        null,
        2,
        null,
        2,
        null,
        null,
        2,
        2,
        1,
        1,
        1,
        1,
        2,
        null,
        0,
        null,
        null,
        null,
        1,
        null,
        1,
        1,
        null,
        null,
        1,
        null,
        1,
        0,
        null,
        null,
        null
      ],
      "/Volumes/Data/CiudadanoInteligente/abre/app/controllers/users/omniauth_callbacks_controller.rb": [
        1,
        null,
        1,
        0,
        null,
        null,
        1,
        0,
        null,
        null,
        1,
        0,
        null,
        null,
        1,
        0,
        0,
        null,
        0,
        null,
        null,
        null,
        1,
        null,
        1,
        0,
        null,
        0,
        null,
        0,
        0,
        null,
        0,
        0,
        0,
        0,
        null,
        0,
        0,
        null,
        null,
        null,
        1,
        0,
        null,
        null,
        null
      ],
      "/Volumes/Data/CiudadanoInteligente/abre/app/controllers/users/registrations_controller.rb": [
        1,
        1,
        null,
        1,
        null,
        1,
        17,
        17,
        null,
        null,
        null,
        1,
        5,
        5,
        4,
        null,
        1,
        null,
        null,
        null,
        1,
        1,
        null,
        null,
        1,
        1,
        1,
        1,
        null,
        null,
        1,
        null,
        null,
        1,
        0,
        0,
        0,
        null,
        null,
        1,
        0,
        0,
        0,
        0,
        null,
        0,
        null,
        null,
        null,
        1,
        6,
        3,
        null,
        3,
        null,
        null,
        null,
        1,
        null,
        1,
        9,
        9,
        null,
        null,
        null,
        null,
        1,
        1,
        null,
        null,
        1,
        4,
        null,
        null,
        null
      ],
      "/Volumes/Data/CiudadanoInteligente/abre/app/controllers/users/sessions_controller.rb": [
        1,
        null,
        1,
        null,
        1,
        8,
        2,
        null,
        6,
        null,
        null,
        null,
        1,
        2,
        null,
        null,
        1,
        8,
        8,
        8,
        null,
        null,
        null
      ],
      "/Volumes/Data/CiudadanoInteligente/abre/app/controllers/users_controller.rb": [
        1,
        1,
        null,
        1,
        1,
        1,
        null,
        1,
        40,
        null,
        null,
        1,
        1,
        39,
        null,
        39,
        39,
        null,
        null,
        null,
        1,
        39,
        39,
        0,
        0,
        0,
        0,
        39,
        null,
        null,
        null,
        1,
        39,
        17,
        17,
        22,
        0,
        0,
        22,
        0,
        0,
        22,
        1,
        1,
        null,
        null,
        null,
        1,
        17,
        null,
        null,
        1,
        0,
        null,
        null,
        1,
        1,
        null,
        null,
        1,
        0,
        null,
        null,
        1,
        40,
        null,
        null,
        1,
        24,
        null,
        null,
        1,
        0,
        null,
        null,
        1,
        4,
        null,
        null,
        1,
        40,
        null,
        null,
        1,
        40,
        40,
        40,
        40,
        40,
        null,
        0,
        null,
        null,
        null,
        null
      ],
      "/Volumes/Data/CiudadanoInteligente/abre/app/controllers/valuation/base_controller.rb": [
        1,
        1,
        null,
        1,
        1,
        null,
        1,
        null,
        1,
        null,
        1,
        78,
        null,
        null,
        null
      ],
      "/Volumes/Data/CiudadanoInteligente/abre/app/controllers/valuation/budget_investments_controller.rb": [
        1,
        1,
        1,
        null,
        1,
        1,
        1,
        null,
        1,
        null,
        1,
        null,
        1,
        0,
        0,
        0,
        null,
        0,
        null,
        null,
        null,
        1,
        1,
        null,
        1,
        1,
        null,
        null,
        1,
        null,
        0,
        null,
        null,
        null,
        1,
        null,
        1,
        3,
        null,
        null,
        1,
        3,
        null,
        null,
        1,
        0,
        null,
        null,
        null,
        null,
        null,
        null,
        null,
        null,
        0,
        0,
        0,
        null,
        null,
        1,
        0,
        null,
[...]
        1,
        1,
        null,
        1,
        null,
        13,
        13,
        null,
        1,
        7,
        7,
        7,
        7,
        null,
        null,
        1,
        null,
        null,
        null,
        null,
        91,
        null,
        null,
        1,
        287,
        null,
        null,
        1,
        187,
        null,
        null,
        1,
        3,
        2,
        2,
        2,
        2,
        2,
        2,
        null,
        null,
        null,
        1,
        53,
        null,
        null,
        1,
        0,
        0,
        null,
        null,
        null
      ],
      "/Volumes/Data/CiudadanoInteligente/abre/app/models/poll/recount.rb": [
        1,
        1,
        1,
        1,
        null,
        1,
        1,
        1,
        1,
        null,
        1,
        null,
        1,
        20,
        5,
        5,
        null,
        null,
        null,
        null
      ],
      "/Volumes/Data/CiudadanoInteligente/abre/app/models/poll/voter.rb": [
        1,
        1,
        1,
        1,
        1,
        1,
        1,
        null,
        1,
        1,
        null,
        1,
        null,
        1,
        null,
        1,
        67,
        null,
        66,
        66,
        66,
        null,
        null,
        1,
        67,
        null,
        66,
        66,
        null,
        null,
        1,
        null,
        1,
        0,
        null,
        null,
        1,
        0,
        null,
        null,
        1,
        0,
        0,
        0,
        0,
        null,
        null,
        null,
        1,
        0,
        null,
        null,
        0,
        0,
        null,
        null,
        null,
        null,
        null
      ],
      "/Volumes/Data/CiudadanoInteligente/abre/app/models/poll/white_result.rb": [
        1,
        null,
        1,
        null,
        4,
        1,
        1,
        null,
        1,
        1,
        null,
        1,
        null,
        1,
        null,
        1,
        16,
        6,
        6,
        6,
        null,
        null,
        null
      ],
      "/Volumes/Data/CiudadanoInteligente/abre/app/models/proposal.rb": [
        1,
        1,
        1,
        1,
        1,
        1,
        1,
        1,
        null,
        1,
        1,
        1,
        null,
        1,
        null,
        581,
        1,
        1,
        1,
        null,
        1,
        1,
        1,
        1,
        1,
        null,
        1,
        1,
        1,
        1,
        1,
        null,
        1,
        null,
        1,
        null,
        1,
        null,
        222,
        187,
        233,
        10,
        2,
        1,
        20,
        24,
        5,
        6,
        425,
        250,
        6,
        235,
        244,
        null,
        1,
        1448,
        null,
        null,
        1,
        null,
        null,
        null,
        null,
        null,
        null,
        null,
        995,
        null,
        null,
        1,
        101,
        101,
        null,
        null,
        1,
        101,
        101,
        101,
        null,
        null,
        1,
        101,
        null,
        null,
        1,
        14,
        14,
        14,
        null,
        14,
        14,
        19,
        null,
        14,
        null,
        null,
        1,
        5122,
        null,
        null,
        1,
        28,
        null,
        null,
        1,
        22,
        null,
        null,
        1,
        57,
        null,
        null,
        1,
        195,
        null,
        null,
        1,
        199,
        null,
        null,
        1,
        31,
        29,
        null,
        null,
        null,
        1,
        87,
        null,
        null,
        1,
        98,
        null,
        null,
        1,
        995,
        null,
        null,
        null,
        null,
        null,
        1,
        995,
        null,
        null,
        1,
        14,
        null,
        null,
        1,
        5,
        null,
        null,
        1,
        1205,
        null,
        null,
        1,
        253,
        null,
        null,
        1,
        268,
        null,
        null,
        1,
        120,
        null,
        null,
        1,
        null,
        1,
        997,
        4,
        null,
        null,
        null,
        null
      ],
      "/Volumes/Data/CiudadanoInteligente/abre/app/models/proposal_notification.rb": [
        1,
        1,
        1,
        null,
        1,
        1,
        1,
        1,
        null,
        1,
        35,
        2,
        1,
        null,
        null,
        null,
        null
      ],
      "/Volumes/Data/CiudadanoInteligente/abre/app/models/signature.rb": [
        1,
        1,
        1,
        null,
        1,
        1,
        null,
        4,
        7,
        null,
        1,
        null,
        1,
        null,
        1,
        29,
        10,
        10,
        19,
        8,
        8,
        8,
        null,
        null,
        null,
        1,
        17,
        17,
        6,
        null,
        11,
        null,
        17,
        null,
        null,
        1,
        17,
        17,
        null,
        null,
        1,
        29,
        null,
        null,
        1,
        8,
        null,
        null,
        null,
        null,
        null,
        null,
        null,
        null,
        null,
        null,
        null,
        8,
        null,
        null,
        1,
        70,
        66,
        null,
        null,
        1,
        168,
        null,
        null,
        1,
        19,
        52,
        52,
        8,
        8,
        null,
        44,
        null,
        null,
        null,
        19,
        null,
        null,
        1,
        17,
        17,
        null,
        null,
        1,
        18,
        null,
        null,
        1,
        19,
        null,
        null,
        null
      ],
      "/Volumes/Data/CiudadanoInteligente/abre/app/models/signature_sheet.rb": [
        1,
        1,
        1,
        null,
        1,
        null,
        1,
        null,
        1,
        1,
        1,
        1,
        1,
        null,
        1,
        12,
        null,
        null,
        1,
        12,
        null,
        null,
        1,
        5,
        12,
        12,
        null,
        5,
        null,
        null,
        1,
        26,
        null,
        null,
        1,
        42,
        null,
        null
      ],
      "/Volumes/Data/CiudadanoInteligente/abre/app/models/spending_proposal.rb": [
        1,
        1,
        1,
        1,
        1,
        null,
        1,
        null,
        130,
        1,
        1,
        1,
        1,
        null,
        1,
        1,
        1,
        1,
        null,
        1,
        1,
        1,
        null,
        116,
        4,
        4,
        49,
        91,
        30,
        31,
        22,
        19,
        null,
        6,
        4,
        47,
        null,
        22,
        null,
        1,
        null,
        1,
        1447,
        null,
        null,
        1,
        858,
        null,
        null,
        1,
        69,
        69,
        69,
        69,
        69,
        69,
        69,
        null,
        null,
        1,
        null,
        null,
        null,
        null,
        259,
        null,
        null,
        1,
        3,
        null,
        null,
        1,
        10,
        4,
        null,
        6,
        null,
        null,
        null,
        1,
        118,
        null,
        6,
        null,
        6,
        null,
        106,
        null,
        null,
        null,
        1,
        9,
        null,
        null,
        1,
        94,
        null,
        null,
        1,
        273,
        null,
        null,
        1,
        271,
        null,
        null,
        1,
        72,
        null,
        null,
        1,
        10,
        null,
        null,
        1,
        3,
        3,
        null,
        null,
        1,
        86,
        78,
        58,
        41,
        40,
        null,
        null,
        1,
        6,
        null,
        null,
        1,
        6,
        6,
        null,
        null,
        null,
        1,
        271,
        null,
        null,
        1,
        28,
        null,
        null,
        1,
        28,
        null,
        null,
        null
      ],
      "/Volumes/Data/CiudadanoInteligente/abre/app/models/tag_cloud.rb": [
        1,
        null,
        1,
        null,
        1,
        237,
        237,
        null,
        null,
        1,
        null,
        null,
        null,
        null,
        231,
        null,
        null,
        1,
        231,
        null,
        null,
        1,
        261,
        null,
        null,
        1,
        231,
        null,
        null,
        1,
        231,
        null,
        null,
        1,
        231,
        null,
        null,
        null
      ],
      "/Volumes/Data/CiudadanoInteligente/abre/app/models/valuation_assignment.rb": [
        1,
        1,
        1,
        null
      ],
      "/Volumes/Data/CiudadanoInteligente/abre/app/models/verification/email.rb": [
        1,
        1,
        null,
        1,
        null,
        1,
        1,
        null,
        1,
        4,
        4,
        null,
        null,
        1,
        4,
        null,
        3,
        3,
        null,
        null,
        1,
        3,
        null,
        null,
        1,
        3,
        null,
        null,
        1,
        5,
        null,
        null,
        1,
        5,
        null,
        null,
        null
      ],
      "/Volumes/Data/CiudadanoInteligente/abre/app/models/verification/letter.rb": [
        1,
        1,
        null,
        1,
        null,
        1,
        null,
        1,
        1,
        1,
        null,
        1,
        null,
        1,
        null,
        4,
        null,
        null,
        1,
        4,
        null,
        null,
        1,
        19,
        2,
        null,
        null,
        null,
        1,
        13,
        11,
        6,
        null,
        null,
        null,
        1,
        76,
        null,
        null,
        1,
        0,
        null,
        null,
        1,
        null,
        null,
        1,
        4,
        null,
        null,
        null
      ],
      "/Volumes/Data/CiudadanoInteligente/abre/app/models/verification/management/document.rb": [
        1,
        1,
        1,
        null,
        1,
        1,
        null,
        1,
        null,
        1,
        null,
        1,
        37,
        null,
        null,
        1,
        29,
        null,
        null,
        1,
        8,
        8,
        null,
        null,
        1,
        10,
        2,
        2,
        null,
        8,
        null,
        null,
        null,
        1,
        12,
        null,
        null,
        1,
        15,
        null,
        null,
        1,
        2,
        null,
        null,
        null
      ],
      "/Volumes/Data/CiudadanoInteligente/abre/app/models/verification/management/email.rb": [
        1,
        1,
        null,
        1,
        1,
        1,
        null,
        1,
        1,
        1,
        1,
        null,
        1,
        null,
        1,
        25,
        null,
        null,
        1,
        12,
        null,
        null,
        1,
        4,
        null,
        3,
        null,
        3,
        null,
        null,
        null,
        null,
        null,
        3,
        3,
        null,
        null,
        1,
        null,
        1,
        7,
        7,
        2,
        5,
        1,
        null,
        null,
        null,
        1,
        7,
        4,
        1,
        null,
        null,
        null,
        null,
        null,
        null,
        1,
        4,
        1,
        null,
        null
      ],
      "/Volumes/Data/CiudadanoInteligente/abre/app/models/verification/management/managed_user.rb": [
        1,
        1,
        null,
        1,
        null,
        115,
        null,
        null,
        null,
        null
      ],
      "/Volumes/Data/CiudadanoInteligente/abre/app/models/verification/sms.rb": [
        1,
        1,
        null,
        1,
        null,
        1,
        1,
        1,
        null,
        1,
        24,
        null,
        null,
        1,
        18,
        17,
        17,
        17,
        null,
        null,
        1,
        17,
        null,
        null,
        1,
        17,
        null,
        null,
        1,
        9,
        null,
        null,
        1,
        null,
        1,
        17,
        null,
        null
      ],
      "/Volumes/Data/CiudadanoInteligente/abre/app/models/verified_user.rb": [
        1,
        48,
        null,
        1,
        9,
        null,
        1,
        8,
        null,
        null
      ],
      "/Volumes/Data/CiudadanoInteligente/abre/app/models/visit.rb": [
        1,
        1,
        1,
        null
      ],
      "/Volumes/Data/CiudadanoInteligente/abre/app/models/vote.rb": [
        1,
        null
      ],
      "/Volumes/Data/CiudadanoInteligente/abre/lib/census_api.rb": [
        1,
        null,
        1,
        113,
        113,
        414,
        414,
        null,
        53,
        null,
        null,
        1,
        null,
        120,
        120,
        null,
        120,
        79,
        79,
        79,
        null,
        79,
        79,
        null,
        41,
        null,
        null,
        120,
        null,
        null,
        1,
        1,
        414,
        null,
        null,
        1,
        528,
        null,
        null,
        1,
        66,
        66,
        66,
        66,
        null,
        null,
        1,
        25,
        null,
        null,
        1,
        25,
        null,
        null,
        1,
        25,
        null,
        25,
        null,
        0,
        null,
        null,
        null,
        1,
        0,
        null,
        null,
        1,
        null,
        1,
        669,
        null,
        null,
        null,
        1,
        null,
        1,
        409,
        0,
        null,
        409,
        null,
        null,
        null,
        1,
        0,
        null,
        null,
        1,
        null,
        null,
        null,
        null,
        null,
        null,
        null,
        0,
        null,
        null,
        1,
        409,
        null,
        null,
        1,
        409,
        59,
        null,
        350,
        null,
        null,
        null,
        1,
        59,
        null,
        null,
        1,
        350,
        null,
        null,
        1,
        120,
        null,
        null,
        1,
        79,
        79,
        73,
        null,
        6,
        null,
        79,
        null,
        null,
        null,
        null,
        null,
        1,
        79,
        79,
        null,
        79,
        79,
        79,
        66,
        66,
        null,
        79,
        null,
        null,
        null,
        null,
        null,
        1,
        79,
        79,
        73,
        123,
        null,
        null,
        79,
        null,
        null
      ],
      "/Volumes/Data/CiudadanoInteligente/abre/lib/email_digest.rb": [
        1,
        null,
        1,
        null,
        1,
        9,
        null,
        null,
        1,
        14,
        null,
        null,
        1,
        6,
        null,
        null,
        1,
        3,
        2,
        null,
        null,
        null,
        1,
        2,
        null,
        null,
        null
      ],
      "/Volumes/Data/CiudadanoInteligente/abre/lib/spending_proposals_importer.rb": [
        1,
        null,
        1,
        12,
        null,
        12,
        12,
        null,
        12,
        3,
        3,
        null,
        9,
        9,
        null,
        null,
        12,
        null,
        1,
        null,
        1,
        null,
        10,
        null,
        null,
        12,
        null,
        null,
        null,
        null,
        null,
        null,
        null,
        null,
        null,
        null,
        null,
        null,
        null,
        null,
        null,
        null,
        null,
        null,
        null,
        null,
        null,
        null,
        12,
        null,
        12,
        null,
        16,
        null,
        null,
        null,
        null,
        null,
        null,
        null,
        null,
        null,
        null,
        null,
        12,
        null,
        null,
        null,
        null
      ],
      "/Volumes/Data/CiudadanoInteligente/abre/lib/tag_sanitizer.rb": [
        1,
        1,
        null,
        1,
        268,
        268,
        1340,
        null,
        268,
        null,
        null,
        1,
        3277,
        null,
        null,
        1,
        270,
        null,
        null,
        null
      ],
      "/Volumes/Data/CiudadanoInteligente/abre/lib/wysiwyg_sanitizer.rb": [
        1,
        null,
        1,
        1,
        null,
        1,
        7928,
        null,
        null,
        null
      ],
      "/Volumes/Data/CiudadanoInteligente/abre/lib/score_calculator.rb": [
        1,
        null,
        1,
        1,
        1,
        null,
        1,
        2111,
        2111,
        2111,
        2111,
        2111,
        2111,
        2111,
        null,
        2111,
        null,
        null,
        1,
        3220,
        null,
        375,
        375,
        375,
        375,
        null,
        375,
        null,
        null,
        null
      ],
      "/Volumes/Data/CiudadanoInteligente/abre/lib/comment_tree.rb": [
        1,
        null,
        1,
        null,
        1,
        null,
        1,
        94,
        94,
        94,
        null,
        94,
        null,
        null,
        1,
        372,
        null,
        null,
        1,
        94,
        51,
        null,
        null,
        null,
        1,
        66,
        null,
        null,
        1,
        66,
        282,
        null,
        null,
        null,
        1,
        92,
        null,
        null
      ],
      "/Volumes/Data/CiudadanoInteligente/abre/lib/sms_api.rb": [
        1,
        1,
        1,
        null,
        1,
        17,
        null,
        null,
        1,
        17,
        0,
        null,
        null,
        1,
        0,
        null,
        null,
        1,
        17,
        null,
        0,
        0,
        null,
        null,
        1,
        null,
        null,
        null,
        0,
        null,
        null,
        1,
        0,
        null,
        null,
        1,
        34,
        null,
        null,
        1,
        17,
        null,
        null,
        null
      ],
      "/Volumes/Data/CiudadanoInteligente/abre/lib/capistrano/substitute_strings.rb": [
        0,
        0,
        0,
        0,
        0,
        0,
        0,
        0,
        0,
        0,
        0,
        0
      ],
      "/Volumes/Data/CiudadanoInteligente/abre/lib/capistrano/template.rb": [
        0,
        0,
        0,
        0,
        0,
        0,
        0,
        0,
        0,
        0,
        0,
        0,
        0,
        0,
        0,
        0,
        0,
        0,
        0,
        0,
        0,
        0,
        0,
        0,
        0,
        0,
        0,
        0,
        0,
        0,
        0,
        0
      ]
    },
    "timestamp": 1493238459
  }
}
